#! /c/iverilog/bin/vvp
:ivl_version "0.9.7 " "(v0_9_7)";
:vpi_time_precision + 0;
:vpi_module "system";
:vpi_module "v2005_math";
:vpi_module "va_math";
S_00897B38 .scope module, "memory" "memory" 2 3;
 .timescale 0 0;
v00892BE8_0 .var "address", 7 0;
v00899000_0 .var "data", 31 0;
v00899058_0 .net "final_state", 3 0, v0089E360_0; 1 drivers
v008990B0_0 .net "hit", 0 0, C4<0>; 1 drivers
v00899108_0 .var/i "i", 31 0;
v00899160_0 .var "index", 2 0;
v008991B8_0 .var "instn", 20 0;
v010B03F8_0 .var "instruction_set", 20 0;
v010B04A8_0 .net "lru_prev_state", 3 0, C4<1100>; 1 drivers
v010B0500_0 .var "offset", 1 0;
v010B0450_0 .net "replace", 31 0, v00892B38_0; 1 drivers
v010B0710_0 .var "tag", 2 0;
v010B06B8_0 .var "valid_bit", 0 0;
S_00897450 .scope module, "lru" "LRU" 2 20, 3 1, S_00897B38;
 .timescale 0 0;
v0089E308_0 .var "counter", 31 0;
v0089E360_0 .var "final_state", 3 0;
v0089E3B8_0 .alias "hit", 0 0, v008990B0_0;
v010B2F20_0 .var "i", 31 0;
v010B2F78_0 .alias "lru_prev_state", 3 0, v010B04A8_0;
v010B2FD0_0 .var "random_ind", 31 0;
v00892B38_0 .var "replace", 31 0;
v00892B90 .array "set0", 0 3, 31 0;
E_00898E08 .event edge, v010B2F78_0, v0089E3B8_0;
    .scope S_00897450;
T_0 ;
    %set/v v0089E308_0, 0, 32;
    %end;
    .thread T_0;
    .scope S_00897450;
T_1 ;
    %set/v v010B2F20_0, 0, 32;
    %end;
    .thread T_1;
    .scope S_00897450;
T_2 ;
    %set/v v010B2FD0_0, 0, 32;
    %end;
    .thread T_2;
    .scope S_00897450;
T_3 ;
    %wait E_00898E08;
    %load/v 8, v0089E3B8_0, 1;
    %mov 9, 0, 1;
    %cmpi/u 8, 0, 2;
    %jmp/0xz  T_3.0, 4;
    %vpi_call 3 16 "$display", "prev state: %b", v010B2F78_0;
    %set/v v010B2F20_0, 0, 32;
T_3.2 ;
    %load/v 8, v010B2F20_0, 32;
   %cmpi/u 8, 3, 32;
    %or 5, 4, 1;
    %jmp/0xz T_3.3, 5;
    %ix/getv 1, v010B2F20_0;
    %jmp/1 T_3.4, 4;
    %load/x1p 10, v010B2F78_0, 1;
    %jmp T_3.5;
T_3.4 ;
    %mov 10, 2, 1;
T_3.5 ;
    %mov 8, 10, 1; Move signal select into place
    %mov 9, 0, 1;
    %cmpi/u 8, 0, 2;
    %jmp/0xz  T_3.6, 4;
    %load/v 8, v010B2F20_0, 32;
    %ix/getv 3, v0089E308_0;
   %jmp/1 t_0, 4;
   %ix/load 1, 0, 0;
   %set/av v00892B90, 8, 32;
t_0 ;
    %vpi_call 3 22 "$display", "e:lru_prev_state:%b set: %d, i:%d", &PV<v010B2F78_0, v010B2F20_0, 1>, &A<v00892B90, v0089E308_0 >, v010B2F20_0;
    %load/v 8, v0089E308_0, 32;
    %mov 40, 0, 1;
    %addi 8, 1, 33;
    %set/v v0089E308_0, 8, 32;
T_3.6 ;
    %ix/load 0, 1, 0;
    %load/vp0 8, v010B2F20_0, 32;
    %set/v v010B2F20_0, 8, 32;
    %jmp T_3.2;
T_3.3 ;
    %load/v 8, v0089E308_0, 32;
    %cmpi/u 8, 1, 32;
    %jmp/0xz  T_3.8, 4;
    %load/v 8, v010B2F78_0, 4;
    %inv 8, 4;
    %set/v v0089E360_0, 8, 4;
    %ix/load 3, 0, 0;
    %mov 4, 0, 1;
    %load/av 8, v00892B90, 32;
    %set/v v00892B38_0, 8, 32;
    %jmp T_3.9;
T_3.8 ;
    %vpi_func 3 34 "$urandom", 8, 32;
    %load/v 40, v0089E308_0, 32;
    %mod 8, 40, 32;
    %set/v v010B2FD0_0, 8, 32;
    %load/v 8, v010B2F78_0, 4;
    %set/v v0089E360_0, 8, 4;
    %ix/getv 3, v010B2FD0_0;
    %load/av 8, v00892B90, 32;
    %ix/get 0, 8, 32;
    %jmp/1 t_1, 4;
    %set/x0 v0089E360_0, 1, 1;
t_1 ;
    %ix/getv 3, v010B2FD0_0;
    %load/av 8, v00892B90, 32;
    %set/v v00892B38_0, 8, 32;
    %movi 8, 3, 33;
    %load/v 41, v00892B38_0, 32;
    %mov 73, 0, 1;
    %sub 8, 41, 33;
    %vpi_call 3 38 "$display", "Replace: %d, random_ind: %d", T<8,33,u>, v010B2FD0_0;
T_3.9 ;
T_3.0 ;
    %jmp T_3;
    .thread T_3, $push;
    .scope S_00897B38;
T_4 ;
    %set/v v00899108_0, 0, 32;
T_4.0 ;
    %load/v 8, v00899108_0, 32;
   %cmpi/s 8, 100, 32;
    %jmp/0xz T_4.1, 5;
    %ix/getv/s 1, v00899108_0;
    %jmp/1 T_4.2, 4;
    %load/x1p 29, v010B03F8_0, 1;
    %jmp T_4.3;
T_4.2 ;
    %mov 29, 2, 1;
T_4.3 ;
    %mov 8, 29, 1; Move signal select into place
    %mov 9, 0, 20;
    %set/v v008991B8_0, 8, 21;
    %set/v v010B06B8_0, 2, 1;
    %set/v v00892BE8_0, 2, 8;
    %ix/load 1, 0, 0;
    %mov 4, 0, 1;
    %jmp/1 T_4.4, 4;
    %load/x1p 8, v008991B8_0, 32;
    %jmp T_4.5;
T_4.4 ;
    %mov 8, 2, 32;
T_4.5 ;
; Save base=8 wid=32 in lookaside.
    %set/v v00899000_0, 8, 32;
    %ix/load 1, 5, 0;
    %mov 4, 0, 1;
    %jmp/1 T_4.6, 4;
    %load/x1p 8, v00892BE8_0, 3;
    %jmp T_4.7;
T_4.6 ;
    %mov 8, 2, 3;
T_4.7 ;
; Save base=8 wid=3 in lookaside.
    %set/v v010B0710_0, 8, 3;
    %ix/load 1, 2, 0;
    %mov 4, 0, 1;
    %jmp/1 T_4.8, 4;
    %load/x1p 8, v00892BE8_0, 3;
    %jmp T_4.9;
T_4.8 ;
    %mov 8, 2, 3;
T_4.9 ;
; Save base=8 wid=3 in lookaside.
    %set/v v00899160_0, 8, 3;
    %load/v 8, v00892BE8_0, 2; Only need 2 of 8 bits
; Save base=8 wid=2 in lookaside.
    %set/v v010B0500_0, 8, 2;
    %ix/load 0, 1, 0;
    %load/vp0/s 8, v00899108_0, 32;
    %set/v v00899108_0, 8, 32;
    %jmp T_4.0;
T_4.1 ;
    %end;
    .thread T_4;
# The file index is used to find the file name in the following table.
:file_names 4;
    "N/A";
    "<interactive>";
    "cache.v";
    "./lru.v";
