#! /usr/bin/vvp
:ivl_version "10.3 (stable)";
:ivl_delay_selection "TYPICAL";
:vpi_time_precision + 0;
:vpi_module "system";
:vpi_module "vhdl_sys";
:vpi_module "v2005_math";
:vpi_module "va_math";
S_0x55c0ff7ac0d0 .scope module, "memory" "memory" 2 1;
 .timescale 0 0;
v0x55c0ff7d1610_0 .var/i "a", 31 0;
v0x55c0ff805a40_0 .var "address", 11 0;
v0x55c0ff805b20_0 .var/i "b", 31 0;
v0x55c0ff805be0 .array "cache", 127 0, 38 0;
v0x55c0ff805ca0_0 .var "counter", 31 0;
v0x55c0ff805dd0_0 .var "data", 31 0;
o0x7fcb5db0a108 .functor BUFZ 1, C4<z>; HiZ drive
v0x55c0ff805eb0_0 .net "hit", 0 0, o0x7fcb5db0a108;  0 drivers
v0x55c0ff805f70_0 .var/i "i", 31 0;
v0x55c0ff806050_0 .var "index", 2 0;
v0x55c0ff806130_0 .var "instn", 20 0;
v0x55c0ff806210 .array "instruction_set", 3 0, 20 0;
v0x55c0ff8062d0_0 .var/i "j", 31 0;
v0x55c0ff8063b0_0 .var/i "k", 31 0;
v0x55c0ff806490 .array "memory", 0 4095, 7 0;
v0x55c0ff806550_0 .var "offset", 1 0;
v0x55c0ff806630_0 .var "random_ind", 31 0;
v0x55c0ff806710_0 .var "read_hit", 0 0;
v0x55c0ff8068e0_0 .var "replace", 31 0;
v0x55c0ff8069c0_0 .var "rwop", 0 0;
v0x55c0ff806a80 .array "set0", 0 3, 31 0;
v0x55c0ff806b40_0 .var "tag", 2 0;
v0x55c0ff806c20_0 .var "valid_bit", 3 0;
v0x55c0ff806d00_0 .var "valid_bit_out", 3 0;
    .scope S_0x55c0ff7ac0d0;
T_0 ;
    %pushi/vec4 0, 0, 32;
    %store/vec4 v0x55c0ff805ca0_0, 0, 32;
    %pushi/vec4 0, 0, 32;
    %store/vec4 v0x55c0ff806630_0, 0, 32;
    %end;
    .thread T_0;
    .scope S_0x55c0ff7ac0d0;
T_1 ;
    %pushi/vec4 0, 0, 32;
    %store/vec4 v0x55c0ff805f70_0, 0, 32;
T_1.0 ;
    %load/vec4 v0x55c0ff805f70_0;
    %cmpi/s 32, 0, 32;
    %jmp/0xz T_1.1, 5;
    %pushi/vec4 0, 0, 8;
    %ix/getv/s 3, v0x55c0ff805f70_0;
    %ix/load 4, 0, 0; Constant delay
    %assign/vec4/a/d v0x55c0ff806490, 0, 4;
    %load/vec4 v0x55c0ff805f70_0;
    %addi 1, 0, 32;
    %store/vec4 v0x55c0ff805f70_0, 0, 32;
    %jmp T_1.0;
T_1.1 ;
    %pushi/vec4 1, 0, 8;
    %ix/load 4, 1, 0;
    %flag_set/imm 4, 0;
    %store/vec4a v0x55c0ff806490, 4, 0;
    %pushi/vec4 9, 0, 8;
    %ix/load 4, 2, 0;
    %flag_set/imm 4, 0;
    %store/vec4a v0x55c0ff806490, 4, 0;
    %pushi/vec4 6, 0, 8;
    %ix/load 4, 3, 0;
    %flag_set/imm 4, 0;
    %store/vec4a v0x55c0ff806490, 4, 0;
    %pushi/vec4 8, 0, 8;
    %ix/load 4, 4, 0;
    %flag_set/imm 4, 0;
    %store/vec4a v0x55c0ff806490, 4, 0;
    %pushi/vec4 1, 0, 8;
    %ix/load 4, 5, 0;
    %flag_set/imm 4, 0;
    %store/vec4a v0x55c0ff806490, 4, 0;
    %pushi/vec4 6, 0, 8;
    %ix/load 4, 6, 0;
    %flag_set/imm 4, 0;
    %store/vec4a v0x55c0ff806490, 4, 0;
    %pushi/vec4 7, 0, 8;
    %ix/load 4, 7, 0;
    %flag_set/imm 4, 0;
    %store/vec4a v0x55c0ff806490, 4, 0;
    %pushi/vec4 0, 0, 32;
    %store/vec4 v0x55c0ff7d1610_0, 0, 32;
T_1.2 ;
    %load/vec4 v0x55c0ff7d1610_0;
    %cmpi/s 32, 0, 32;
    %jmp/0xz T_1.3, 5;
    %pushi/vec4 0, 0, 32;
    %store/vec4 v0x55c0ff805b20_0, 0, 32;
T_1.4 ;
    %load/vec4 v0x55c0ff805b20_0;
    %cmpi/s 4, 0, 32;
    %jmp/0xz T_1.5, 5;
    %pushi/vec4 0, 0, 39;
    %load/vec4 v0x55c0ff805b20_0;
    %pad/s 35;
    %pad/s 37;
    %muli 4, 0, 37;
    %pad/s 38;
    %load/vec4 v0x55c0ff7d1610_0;
    %pad/s 38;
    %add;
    %ix/vec4/s 4;
    %store/vec4a v0x55c0ff805be0, 4, 0;
    %load/vec4 v0x55c0ff805b20_0;
    %addi 1, 0, 32;
    %store/vec4 v0x55c0ff805b20_0, 0, 32;
    %jmp T_1.4;
T_1.5 ;
    %load/vec4 v0x55c0ff7d1610_0;
    %addi 1, 0, 32;
    %store/vec4 v0x55c0ff7d1610_0, 0, 32;
    %jmp T_1.2;
T_1.3 ;
    %vpi_call 2 50 "$readmemb", "instruction.txt", v0x55c0ff806210 {0 0 0};
    %vpi_call 2 52 "$display", "hel" {0 0 0};
    %pushi/vec4 0, 0, 32;
    %store/vec4 v0x55c0ff805f70_0, 0, 32;
T_1.6 ;
    %load/vec4 v0x55c0ff805f70_0;
    %cmpi/s 2, 0, 32;
    %jmp/0xz T_1.7, 5;
    %ix/getv/s 4, v0x55c0ff805f70_0;
    %load/vec4a v0x55c0ff806210, 4;
    %store/vec4 v0x55c0ff806130_0, 0, 21;
    %load/vec4 v0x55c0ff806130_0;
    %parti/s 1, 20, 6;
    %store/vec4 v0x55c0ff8069c0_0, 0, 1;
    %load/vec4 v0x55c0ff806130_0;
    %parti/s 12, 8, 5;
    %store/vec4 v0x55c0ff805a40_0, 0, 12;
    %load/vec4 v0x55c0ff806130_0;
    %parti/s 8, 0, 2;
    %pad/u 32;
    %store/vec4 v0x55c0ff805dd0_0, 0, 32;
    %load/vec4 v0x55c0ff805a40_0;
    %parti/s 5, 7, 4;
    %pad/u 3;
    %store/vec4 v0x55c0ff806b40_0, 0, 3;
    %load/vec4 v0x55c0ff805a40_0;
    %parti/s 5, 2, 3;
    %pad/u 3;
    %store/vec4 v0x55c0ff806050_0, 0, 3;
    %load/vec4 v0x55c0ff805a40_0;
    %parti/s 2, 0, 2;
    %store/vec4 v0x55c0ff806550_0, 0, 2;
    %pushi/vec4 0, 0, 1;
    %store/vec4 v0x55c0ff806710_0, 0, 1;
    %pushi/vec4 0, 0, 4;
    %store/vec4 v0x55c0ff806c20_0, 0, 4;
    %load/vec4 v0x55c0ff8069c0_0;
    %pad/u 32;
    %cmpi/e 0, 0, 32;
    %jmp/0xz  T_1.8, 4;
    %pushi/vec4 0, 0, 32;
    %store/vec4 v0x55c0ff8062d0_0, 0, 32;
T_1.10 ;
    %load/vec4 v0x55c0ff8062d0_0;
    %cmpi/s 3, 0, 32;
    %flag_or 5, 4;
    %jmp/0xz T_1.11, 5;
    %load/vec4 v0x55c0ff806050_0;
    %pad/u 10;
    %pad/u 12;
    %muli 4, 0, 12;
    %pad/u 13;
    %load/vec4 v0x55c0ff8062d0_0;
    %pad/s 13;
    %add;
    %ix/vec4 4;
    %load/vec4a v0x55c0ff805be0, 4;
    %parti/s 1, 37, 7;
    %ix/getv/s 4, v0x55c0ff8062d0_0;
    %store/vec4 v0x55c0ff806c20_0, 4, 1;
    %load/vec4 v0x55c0ff806710_0;
    %pad/u 32;
    %cmpi/e 0, 0, 32;
    %jmp/0xz  T_1.12, 4;
    %pushi/vec4 0, 0, 32;
    %store/vec4 v0x55c0ff8063b0_0, 0, 32;
T_1.14 ;
    %load/vec4 v0x55c0ff8063b0_0;
    %cmpi/s 3, 0, 32;
    %flag_or 5, 4;
    %jmp/0xz T_1.15, 5;
    %load/vec4 v0x55c0ff806c20_0;
    %load/vec4 v0x55c0ff8063b0_0;
    %part/s 1;
    %pad/u 32;
    %cmpi/e 0, 0, 32;
    %jmp/0xz  T_1.16, 4;
    %load/vec4 v0x55c0ff8063b0_0;
    %ix/getv 4, v0x55c0ff805ca0_0;
    %store/vec4a v0x55c0ff806a80, 4, 0;
    %load/vec4 v0x55c0ff805ca0_0;
    %addi 1, 0, 32;
    %store/vec4 v0x55c0ff805ca0_0, 0, 32;
T_1.16 ;
    %load/vec4 v0x55c0ff8063b0_0;
    %addi 1, 0, 32;
    %store/vec4 v0x55c0ff8063b0_0, 0, 32;
    %jmp T_1.14;
T_1.15 ;
    %load/vec4 v0x55c0ff805ca0_0;
    %cmpi/e 1, 0, 32;
    %jmp/0xz  T_1.18, 4;
    %load/vec4 v0x55c0ff806c20_0;
    %inv;
    %store/vec4 v0x55c0ff806d00_0, 0, 4;
    %ix/load 4, 0, 0;
    %flag_set/imm 4, 0;
    %load/vec4a v0x55c0ff806a80, 4;
    %store/vec4 v0x55c0ff8068e0_0, 0, 32;
    %jmp T_1.19;
T_1.18 ;
    %vpi_func 2 88 "$urandom" 32 {0 0 0};
    %load/vec4 v0x55c0ff805ca0_0;
    %mod;
    %store/vec4 v0x55c0ff806630_0, 0, 32;
    %load/vec4 v0x55c0ff806c20_0;
    %store/vec4 v0x55c0ff806d00_0, 0, 4;
    %pushi/vec4 1, 0, 1;
    %ix/getv 5, v0x55c0ff806630_0;
    %load/vec4a v0x55c0ff806a80, 5;
    %ix/vec4 4;
    %store/vec4 v0x55c0ff806d00_0, 4, 1;
    %ix/getv 4, v0x55c0ff806630_0;
    %load/vec4a v0x55c0ff806a80, 4;
    %store/vec4 v0x55c0ff8068e0_0, 0, 32;
T_1.19 ;
T_1.12 ;
    %load/vec4 v0x55c0ff806050_0;
    %pad/u 10;
    %pad/u 12;
    %muli 4, 0, 12;
    %pad/u 13;
    %load/vec4 v0x55c0ff8062d0_0;
    %pad/s 13;
    %add;
    %ix/vec4 4;
    %load/vec4a v0x55c0ff805be0, 4;
    %addi 2570, 0, 39;
    %vpi_call 2 94 "$display", S<0,vec4,u39> {1 0 0};
    %load/vec4 v0x55c0ff806050_0;
    %pad/u 10;
    %pad/u 12;
    %muli 4, 0, 12;
    %pad/u 13;
    %load/vec4 v0x55c0ff8062d0_0;
    %pad/s 13;
    %add;
    %ix/vec4 4;
    %load/vec4a v0x55c0ff805be0, 4;
    %parti/s 5, 32, 7;
    %load/vec4 v0x55c0ff806b40_0;
    %pad/u 5;
    %cmp/e;
    %jmp/0xz  T_1.20, 4;
    %pushi/vec4 1, 0, 1;
    %store/vec4 v0x55c0ff806710_0, 0, 1;
T_1.20 ;
    %load/vec4 v0x55c0ff8062d0_0;
    %addi 1, 0, 32;
    %store/vec4 v0x55c0ff8062d0_0, 0, 32;
    %jmp T_1.10;
T_1.11 ;
T_1.8 ;
    %load/vec4 v0x55c0ff805f70_0;
    %addi 1, 0, 32;
    %store/vec4 v0x55c0ff805f70_0, 0, 32;
    %jmp T_1.6;
T_1.7 ;
    %end;
    .thread T_1;
# The file index is used to find the file name in the following table.
:file_names 3;
    "N/A";
    "<interactive>";
    "main.v";
