#! /c/iverilog/bin/vvp
:ivl_version "0.9.7 " "(v0_9_7)";
:vpi_time_precision + 0;
:vpi_module "system";
:vpi_module "v2005_math";
:vpi_module "va_math";
S_01253780 .scope module, "memory" "memory" 2 1;
 .timescale 0 0;
v01252B80_0 .var/i "i", 31 0;
    .scope S_01253780;
T_0 ;
    %set/v v01252B80_0, 0, 32;
T_0.0 ;
    %load/v 8, v01252B80_0, 32;
   %cmpi/s 8, 100, 32;
    %jmp/0xz T_0.1, 5;
    %ix/load 0, 1, 0;
    %load/vp0/s 8, v01252B80_0, 32;
    %set/v v01252B80_0, 8, 32;
    %jmp T_0.0;
T_0.1 ;
    %end;
    .thread T_0;
# The file index is used to find the file name in the following table.
:file_names 3;
    "N/A";
    "<interactive>";
    "memory.v";
